* using log directory ‘/Users/suputer/Career/Academia/UIUC/RA/MLE/Github/complete_separation/glmdr.Rcheck’
* using R version 3.6.1 (2019-07-05)
* using platform: x86_64-apple-darwin15.6.0 (64-bit)
* using session charset: UTF-8
* using options ‘--no-manual --as-cran’
* checking for file ‘glmdr/DESCRIPTION’ ... OK
* this is package ‘glmdr’ version ‘0.3’
* package encoding: UTF-8
* checking package namespace information ... OK
* checking package dependencies ... OK
* checking if this is a source package ... OK
* checking if there is a namespace ... OK
* checking for executable files ... OK
* checking for hidden files and directories ... OK
* checking for portable file names ... OK
* checking for sufficient/correct file permissions ... OK
* checking whether package ‘glmdr’ can be installed ... OK
* checking installed package size ... OK
* checking package directory ... OK
* checking for future file timestamps ... OK
* checking DESCRIPTION meta-information ... WARNING
Dependence on R version ‘3.6.1’ not with patchlevel 0
* checking top-level files ... OK
* checking for left-over files ... OK
* checking index information ... OK
* checking package subdirectories ... OK
* checking R files for non-ASCII characters ... OK
* checking R files for syntax errors ... OK
* checking whether the package can be loaded ... OK
* checking whether the package can be loaded with stated dependencies ...Error: package or namespace load failed for ‘glmdr’ in namespaceExport(ns, exports):
 undefined exports: predict
Execution halted

It looks like this package (or one of its dependent packages) has an
unstated dependence on a standard package.  All dependencies must be
declared in DESCRIPTION.
See section ‘The DESCRIPTION file’ in the ‘Writing R Extensions’
manual.
* checking whether the package can be unloaded cleanly ... WARNING
Error: package or namespace load failed for ‘glmdr’ in namespaceExport(ns, exports):
 undefined exports: predict
Execution halted
* checking whether the namespace can be loaded with stated dependencies ... WARNING
Error in namespaceExport(ns, exports) : undefined exports: predict
Calls: <Anonymous> ... withCallingHandlers -> eval -> eval -> loadNamespace -> namespaceExport
Execution halted

A namespace must be able to be loaded with just the base namespace
loaded: otherwise if the namespace gets loaded by a saved object, the
session will be unable to start.

Probably some imports need to be declared in the NAMESPACE file.
* checking whether the namespace can be unloaded cleanly ... OK
* checking dependencies in R code ... NOTE
Error: package or namespace load failed for ‘glmdr’ in namespaceExport(ns, exports):
 undefined exports: predict
Call sequence:
6: stop(msg, call. = FALSE, domain = NA)
5: value[[3L]](cond)
4: tryCatchOne(expr, names, parentenv, handlers[[1L]])
3: tryCatchList(expr, classes, parentenv, handlers)
2: tryCatch({
       attr(package, "LibPath") <- which.lib.loc
       ns <- loadNamespace(package, lib.loc)
       env <- attachNamespace(ns, pos = pos, deps, exclude, include.only)
   }, error = function(e) {
       P <- if (!is.null(cc <- conditionCall(e))) 
           paste(" in", deparse(cc)[1L])
       else ""
       msg <- gettextf("package or namespace load failed for %s%s:\n %s", 
           sQuote(package), P, conditionMessage(e))
       if (logical.return) 
           message(paste("Error:", msg), domain = NA)
       else stop(msg, call. = FALSE, domain = NA)
   })
1: library(package, lib.loc = lib.loc, character.only = TRUE, verbose = FALSE)
Execution halted
* checking S3 generic/method consistency ... WARNING
predict:
  function(object, ...)
predict.glmdr:
  function(object, newdata, crit, alpha, interval)

See section ‘Generic functions and methods’ in the ‘Writing R
Extensions’ manual.
* checking replacement functions ... OK
* checking foreign function calls ... OK
* checking R code for possible problems ... NOTE
Error in namespaceExport(ns, exports) : undefined exports: predict
Calls: <Anonymous>
Execution halted
* checking Rd files ... OK
* checking Rd metadata ... OK
* checking Rd line widths ... NOTE
Rd file 'glmdr.Rd':
  \usage lines wider than 90 characters:
     glmdr(formula, family = c("binomial", "poisson"), data, subset, na.action, offset, contrasts = NULL)

These lines will be truncated in the PDF manual.
* checking Rd cross-references ... OK
* checking for missing documentation entries ... WARNING
Undocumented code objects:
  ‘predict’
All user-level objects in a package should have documentation entries.
See chapter ‘Writing R documentation files’ in the ‘Writing R
Extensions’ manual.
* checking for code/documentation mismatches ... WARNING
Codoc mismatches from documentation object 'inference':
inference
  Code: function(object, alpha = 0.05, eps = 1e-10, prediction = FALSE)
  Docs: function(object, alpha = 0.05, eps = 1e-10)
  Argument names in code not in docs:
    prediction

Codoc mismatches from documentation object 'predict.glmdr':
predict
  Code: function(object, ...)
  Docs: function(object, newdata = new_df, cirt = "AICc")
  Argument names in code not in docs:
    ...
  Argument names in docs not in code:
    newdata cirt
  Mismatches in argument names:
    Position: 2 Code: ... Docs: newdata

* checking Rd \usage sections ... WARNING
Undocumented arguments in documentation object 'glmdr'
  ‘family’
Documented arguments not in \usage in documentation object 'glmdr':
  ‘familya’

Undocumented arguments in documentation object 'predict.glmdr'
  ‘cirt’
Documented arguments not in \usage in documentation object 'predict.glmdr':
  ‘crit’ ‘alpha’ ‘interval’
Objects in \usage without \alias in documentation object 'predict.glmdr':
  ‘predict’

Objects in \usage without \alias in documentation object 'summary.glmdr':
  ‘print.summary.glmdr’

Functions with \usage entries need to have the appropriate \alias
entries, and all their arguments documented.
The \usage entries must correspond to syntactically valid R code.
See chapter ‘Writing R documentation files’ in the ‘Writing R
Extensions’ manual.
* checking Rd contents ... OK
* checking for unstated dependencies in examples ... OK
* checking contents of ‘data’ directory ... OK
* checking data for non-ASCII characters ... OK
* checking data for ASCII and uncompressed saves ... OK
* checking examples ... OK
* DONE
Status: 7 WARNINGs, 3 NOTEs
